[0.061s] Invoking command in '/home/albertlor/Workspaces/gazebo_ws/build/my_robot_bringup': AMENT_PREFIX_PATH=/home/albertlor/Workspaces/gazebo_ws/install/my_robot_description:${AMENT_PREFIX_PATH} CMAKE_PREFIX_PATH=/home/albertlor/Workspaces/gazebo_ws/install/my_robot_description:/opt/ros/humble /usr/bin/cmake --build /home/albertlor/Workspaces/gazebo_ws/build/my_robot_bringup -- -j8 -l8
[0.095s] Invoked command in '/home/albertlor/Workspaces/gazebo_ws/build/my_robot_bringup' returned '0': AMENT_PREFIX_PATH=/home/albertlor/Workspaces/gazebo_ws/install/my_robot_description:${AMENT_PREFIX_PATH} CMAKE_PREFIX_PATH=/home/albertlor/Workspaces/gazebo_ws/install/my_robot_description:/opt/ros/humble /usr/bin/cmake --build /home/albertlor/Workspaces/gazebo_ws/build/my_robot_bringup -- -j8 -l8
[0.115s] Invoking command in '/home/albertlor/Workspaces/gazebo_ws/build/my_robot_bringup': AMENT_PREFIX_PATH=/home/albertlor/Workspaces/gazebo_ws/install/my_robot_description:${AMENT_PREFIX_PATH} CMAKE_PREFIX_PATH=/home/albertlor/Workspaces/gazebo_ws/install/my_robot_description:/opt/ros/humble /usr/bin/cmake --install /home/albertlor/Workspaces/gazebo_ws/build/my_robot_bringup
[0.122s] -- Install configuration: ""
[0.122s] -- Up-to-date: /home/albertlor/Workspaces/gazebo_ws/install/my_robot_bringup/share/my_robot_bringup//launch
[0.122s] -- Up-to-date: /home/albertlor/Workspaces/gazebo_ws/install/my_robot_bringup/share/my_robot_bringup//launch/my_robot_gazebo.launch.xml
[0.122s] -- Up-to-date: /home/albertlor/Workspaces/gazebo_ws/install/my_robot_bringup/share/my_robot_bringup//rviz
[0.122s] -- Up-to-date: /home/albertlor/Workspaces/gazebo_ws/install/my_robot_bringup/share/my_robot_bringup//rviz/urdf_config.rviz
[0.123s] -- Up-to-date: /home/albertlor/Workspaces/gazebo_ws/install/my_robot_bringup/share/my_robot_bringup//worlds
[0.123s] -- Up-to-date: /home/albertlor/Workspaces/gazebo_ws/install/my_robot_bringup/share/my_robot_bringup//worlds/my_world.world
[0.123s] -- Up-to-date: /home/albertlor/Workspaces/gazebo_ws/install/my_robot_bringup/share/my_robot_bringup//worlds/test_world.world
[0.123s] -- Up-to-date: /home/albertlor/Workspaces/gazebo_ws/install/my_robot_bringup/share/ament_index/resource_index/package_run_dependencies/my_robot_bringup
[0.123s] -- Up-to-date: /home/albertlor/Workspaces/gazebo_ws/install/my_robot_bringup/share/ament_index/resource_index/parent_prefix_path/my_robot_bringup
[0.123s] -- Up-to-date: /home/albertlor/Workspaces/gazebo_ws/install/my_robot_bringup/share/my_robot_bringup/environment/ament_prefix_path.sh
[0.123s] -- Up-to-date: /home/albertlor/Workspaces/gazebo_ws/install/my_robot_bringup/share/my_robot_bringup/environment/ament_prefix_path.dsv
[0.123s] -- Up-to-date: /home/albertlor/Workspaces/gazebo_ws/install/my_robot_bringup/share/my_robot_bringup/environment/path.sh
[0.123s] -- Up-to-date: /home/albertlor/Workspaces/gazebo_ws/install/my_robot_bringup/share/my_robot_bringup/environment/path.dsv
[0.123s] -- Up-to-date: /home/albertlor/Workspaces/gazebo_ws/install/my_robot_bringup/share/my_robot_bringup/local_setup.bash
[0.123s] -- Up-to-date: /home/albertlor/Workspaces/gazebo_ws/install/my_robot_bringup/share/my_robot_bringup/local_setup.sh
[0.123s] -- Up-to-date: /home/albertlor/Workspaces/gazebo_ws/install/my_robot_bringup/share/my_robot_bringup/local_setup.zsh
[0.123s] -- Up-to-date: /home/albertlor/Workspaces/gazebo_ws/install/my_robot_bringup/share/my_robot_bringup/local_setup.dsv
[0.123s] -- Installing: /home/albertlor/Workspaces/gazebo_ws/install/my_robot_bringup/share/my_robot_bringup/package.dsv
[0.123s] -- Up-to-date: /home/albertlor/Workspaces/gazebo_ws/install/my_robot_bringup/share/ament_index/resource_index/packages/my_robot_bringup
[0.124s] -- Up-to-date: /home/albertlor/Workspaces/gazebo_ws/install/my_robot_bringup/share/my_robot_bringup/cmake/my_robot_bringupConfig.cmake
[0.124s] -- Up-to-date: /home/albertlor/Workspaces/gazebo_ws/install/my_robot_bringup/share/my_robot_bringup/cmake/my_robot_bringupConfig-version.cmake
[0.124s] -- Up-to-date: /home/albertlor/Workspaces/gazebo_ws/install/my_robot_bringup/share/my_robot_bringup/package.xml
[0.125s] Invoked command in '/home/albertlor/Workspaces/gazebo_ws/build/my_robot_bringup' returned '0': AMENT_PREFIX_PATH=/home/albertlor/Workspaces/gazebo_ws/install/my_robot_description:${AMENT_PREFIX_PATH} CMAKE_PREFIX_PATH=/home/albertlor/Workspaces/gazebo_ws/install/my_robot_description:/opt/ros/humble /usr/bin/cmake --install /home/albertlor/Workspaces/gazebo_ws/build/my_robot_bringup
