[0.061s] Invoking command in '/home/albertlor/Workspaces/gazebo_ws/build/my_robot_description': CMAKE_PREFIX_PATH=/opt/ros/humble /usr/bin/cmake --build /home/albertlor/Workspaces/gazebo_ws/build/my_robot_description -- -j8 -l8
[0.082s] -- Found ament_cmake: 1.3.7 (/opt/ros/humble/share/ament_cmake/cmake)
[0.285s] -- Configuring done
[0.287s] -- Generating done
[0.288s] -- Build files have been written to: /home/albertlor/Workspaces/gazebo_ws/build/my_robot_description
[0.307s] Invoked command in '/home/albertlor/Workspaces/gazebo_ws/build/my_robot_description' returned '0': CMAKE_PREFIX_PATH=/opt/ros/humble /usr/bin/cmake --build /home/albertlor/Workspaces/gazebo_ws/build/my_robot_description -- -j8 -l8
[0.334s] Invoking command in '/home/albertlor/Workspaces/gazebo_ws/build/my_robot_description': CMAKE_PREFIX_PATH=/opt/ros/humble /usr/bin/cmake --install /home/albertlor/Workspaces/gazebo_ws/build/my_robot_description
[0.341s] -- Install configuration: ""
[0.341s] -- Up-to-date: /home/albertlor/Workspaces/gazebo_ws/install/my_robot_description/share/my_robot_description//urdf
[0.341s] -- Up-to-date: /home/albertlor/Workspaces/gazebo_ws/install/my_robot_description/share/my_robot_description//urdf/my_robot.urdf
[0.341s] -- Installing: /home/albertlor/Workspaces/gazebo_ws/install/my_robot_description/share/my_robot_description//launch
[0.341s] -- Installing: /home/albertlor/Workspaces/gazebo_ws/install/my_robot_description/share/my_robot_description//launch/display.launch.xml
[0.341s] -- Up-to-date: /home/albertlor/Workspaces/gazebo_ws/install/my_robot_description/share/ament_index/resource_index/package_run_dependencies/my_robot_description
[0.341s] -- Up-to-date: /home/albertlor/Workspaces/gazebo_ws/install/my_robot_description/share/ament_index/resource_index/parent_prefix_path/my_robot_description
[0.341s] -- Up-to-date: /home/albertlor/Workspaces/gazebo_ws/install/my_robot_description/share/my_robot_description/environment/ament_prefix_path.sh
[0.341s] -- Installing: /home/albertlor/Workspaces/gazebo_ws/install/my_robot_description/share/my_robot_description/environment/ament_prefix_path.dsv
[0.341s] -- Up-to-date: /home/albertlor/Workspaces/gazebo_ws/install/my_robot_description/share/my_robot_description/environment/path.sh
[0.341s] -- Installing: /home/albertlor/Workspaces/gazebo_ws/install/my_robot_description/share/my_robot_description/environment/path.dsv
[0.342s] -- Up-to-date: /home/albertlor/Workspaces/gazebo_ws/install/my_robot_description/share/my_robot_description/local_setup.bash
[0.342s] -- Up-to-date: /home/albertlor/Workspaces/gazebo_ws/install/my_robot_description/share/my_robot_description/local_setup.sh
[0.342s] -- Up-to-date: /home/albertlor/Workspaces/gazebo_ws/install/my_robot_description/share/my_robot_description/local_setup.zsh
[0.342s] -- Installing: /home/albertlor/Workspaces/gazebo_ws/install/my_robot_description/share/my_robot_description/local_setup.dsv
[0.342s] -- Installing: /home/albertlor/Workspaces/gazebo_ws/install/my_robot_description/share/my_robot_description/package.dsv
[0.342s] -- Up-to-date: /home/albertlor/Workspaces/gazebo_ws/install/my_robot_description/share/ament_index/resource_index/packages/my_robot_description
[0.342s] -- Up-to-date: /home/albertlor/Workspaces/gazebo_ws/install/my_robot_description/share/my_robot_description/cmake/my_robot_descriptionConfig.cmake
[0.342s] -- Up-to-date: /home/albertlor/Workspaces/gazebo_ws/install/my_robot_description/share/my_robot_description/cmake/my_robot_descriptionConfig-version.cmake
[0.342s] -- Up-to-date: /home/albertlor/Workspaces/gazebo_ws/install/my_robot_description/share/my_robot_description/package.xml
[0.344s] Invoked command in '/home/albertlor/Workspaces/gazebo_ws/build/my_robot_description' returned '0': CMAKE_PREFIX_PATH=/opt/ros/humble /usr/bin/cmake --install /home/albertlor/Workspaces/gazebo_ws/build/my_robot_description
