[0.060s] Invoking command in '/home/albertlor/Workspaces/gazebo_ws/build/my_robot_bringup': AMENT_PREFIX_PATH=/home/albertlor/Workspaces/gazebo_ws/install/my_robot_description:${AMENT_PREFIX_PATH} CMAKE_PREFIX_PATH=/home/albertlor/Workspaces/gazebo_ws/install/my_robot_description:/opt/ros/humble /usr/bin/cmake /home/albertlor/Workspaces/gazebo_ws/src/my_robot_bringup -DCMAKE_INSTALL_PREFIX=/home/albertlor/Workspaces/gazebo_ws/install/my_robot_bringup
[0.132s] -- The C compiler identification is GNU 11.4.0
[0.266s] -- The CXX compiler identification is GNU 11.4.0
[0.277s] -- Detecting C compiler ABI info
[0.348s] -- Detecting C compiler ABI info - done
[0.356s] -- Check for working C compiler: /usr/bin/cc - skipped
[0.357s] -- Detecting C compile features
[0.358s] -- Detecting C compile features - done
[0.361s] -- Detecting CXX compiler ABI info
[0.436s] -- Detecting CXX compiler ABI info - done
[0.444s] -- Check for working CXX compiler: /usr/bin/c++ - skipped
[0.445s] -- Detecting CXX compile features
[0.445s] -- Detecting CXX compile features - done
[0.451s] -- Found ament_cmake: 1.3.7 (/opt/ros/humble/share/ament_cmake/cmake)
[0.619s] -- Found Python3: /usr/bin/python3.10 (found version "3.10.12") found components: Interpreter 
[0.779s] -- Configuring done
[0.781s] -- Generating done
[0.782s] -- Build files have been written to: /home/albertlor/Workspaces/gazebo_ws/build/my_robot_bringup
[0.787s] Invoked command in '/home/albertlor/Workspaces/gazebo_ws/build/my_robot_bringup' returned '0': AMENT_PREFIX_PATH=/home/albertlor/Workspaces/gazebo_ws/install/my_robot_description:${AMENT_PREFIX_PATH} CMAKE_PREFIX_PATH=/home/albertlor/Workspaces/gazebo_ws/install/my_robot_description:/opt/ros/humble /usr/bin/cmake /home/albertlor/Workspaces/gazebo_ws/src/my_robot_bringup -DCMAKE_INSTALL_PREFIX=/home/albertlor/Workspaces/gazebo_ws/install/my_robot_bringup
[0.788s] Invoking command in '/home/albertlor/Workspaces/gazebo_ws/build/my_robot_bringup': AMENT_PREFIX_PATH=/home/albertlor/Workspaces/gazebo_ws/install/my_robot_description:${AMENT_PREFIX_PATH} CMAKE_PREFIX_PATH=/home/albertlor/Workspaces/gazebo_ws/install/my_robot_description:/opt/ros/humble /usr/bin/cmake --build /home/albertlor/Workspaces/gazebo_ws/build/my_robot_bringup -- -j8 -l8
[0.821s] Invoked command in '/home/albertlor/Workspaces/gazebo_ws/build/my_robot_bringup' returned '0': AMENT_PREFIX_PATH=/home/albertlor/Workspaces/gazebo_ws/install/my_robot_description:${AMENT_PREFIX_PATH} CMAKE_PREFIX_PATH=/home/albertlor/Workspaces/gazebo_ws/install/my_robot_description:/opt/ros/humble /usr/bin/cmake --build /home/albertlor/Workspaces/gazebo_ws/build/my_robot_bringup -- -j8 -l8
[0.840s] Invoking command in '/home/albertlor/Workspaces/gazebo_ws/build/my_robot_bringup': AMENT_PREFIX_PATH=/home/albertlor/Workspaces/gazebo_ws/install/my_robot_description:${AMENT_PREFIX_PATH} CMAKE_PREFIX_PATH=/home/albertlor/Workspaces/gazebo_ws/install/my_robot_description:/opt/ros/humble /usr/bin/cmake --install /home/albertlor/Workspaces/gazebo_ws/build/my_robot_bringup
[0.847s] -- Install configuration: ""
[0.847s] -- Installing: /home/albertlor/Workspaces/gazebo_ws/install/my_robot_bringup/share/my_robot_bringup//launch
[0.847s] -- Installing: /home/albertlor/Workspaces/gazebo_ws/install/my_robot_bringup/share/my_robot_bringup//launch/my_robot_gazebo.launch.xml
[0.847s] -- Installing: /home/albertlor/Workspaces/gazebo_ws/install/my_robot_bringup/share/ament_index/resource_index/package_run_dependencies/my_robot_bringup
[0.847s] -- Installing: /home/albertlor/Workspaces/gazebo_ws/install/my_robot_bringup/share/ament_index/resource_index/parent_prefix_path/my_robot_bringup
[0.847s] -- Installing: /home/albertlor/Workspaces/gazebo_ws/install/my_robot_bringup/share/my_robot_bringup/environment/ament_prefix_path.sh
[0.847s] -- Installing: /home/albertlor/Workspaces/gazebo_ws/install/my_robot_bringup/share/my_robot_bringup/environment/ament_prefix_path.dsv
[0.847s] -- Installing: /home/albertlor/Workspaces/gazebo_ws/install/my_robot_bringup/share/my_robot_bringup/environment/path.sh
[0.847s] -- Installing: /home/albertlor/Workspaces/gazebo_ws/install/my_robot_bringup/share/my_robot_bringup/environment/path.dsv
[0.848s] -- Installing: /home/albertlor/Workspaces/gazebo_ws/install/my_robot_bringup/share/my_robot_bringup/local_setup.bash
[0.848s] -- Installing: /home/albertlor/Workspaces/gazebo_ws/install/my_robot_bringup/share/my_robot_bringup/local_setup.sh
[0.848s] -- Installing: /home/albertlor/Workspaces/gazebo_ws/install/my_robot_bringup/share/my_robot_bringup/local_setup.zsh
[0.848s] -- Installing: /home/albertlor/Workspaces/gazebo_ws/install/my_robot_bringup/share/my_robot_bringup/local_setup.dsv
[0.848s] -- Installing: /home/albertlor/Workspaces/gazebo_ws/install/my_robot_bringup/share/my_robot_bringup/package.dsv
[0.848s] -- Installing: /home/albertlor/Workspaces/gazebo_ws/install/my_robot_bringup/share/ament_index/resource_index/packages/my_robot_bringup
[0.848s] -- Installing: /home/albertlor/Workspaces/gazebo_ws/install/my_robot_bringup/share/my_robot_bringup/cmake/my_robot_bringupConfig.cmake
[0.848s] -- Installing: /home/albertlor/Workspaces/gazebo_ws/install/my_robot_bringup/share/my_robot_bringup/cmake/my_robot_bringupConfig-version.cmake
[0.848s] -- Installing: /home/albertlor/Workspaces/gazebo_ws/install/my_robot_bringup/share/my_robot_bringup/package.xml
[0.850s] Invoked command in '/home/albertlor/Workspaces/gazebo_ws/build/my_robot_bringup' returned '0': AMENT_PREFIX_PATH=/home/albertlor/Workspaces/gazebo_ws/install/my_robot_description:${AMENT_PREFIX_PATH} CMAKE_PREFIX_PATH=/home/albertlor/Workspaces/gazebo_ws/install/my_robot_description:/opt/ros/humble /usr/bin/cmake --install /home/albertlor/Workspaces/gazebo_ws/build/my_robot_bringup
