[0.058s] Invoking command in '/home/albertlor/Workspaces/gazebo_ws/build/my_robot_bringup': AMENT_PREFIX_PATH=/home/albertlor/Workspaces/gazebo_ws/install/my_robot_description:${AMENT_PREFIX_PATH} CMAKE_PREFIX_PATH=/home/albertlor/Workspaces/gazebo_ws/install/my_robot_description:/opt/ros/humble /usr/bin/cmake --build /home/albertlor/Workspaces/gazebo_ws/build/my_robot_bringup -- -j8 -l8
[0.078s] -- Found ament_cmake: 1.3.7 (/opt/ros/humble/share/ament_cmake/cmake)
[0.276s] -- Configuring done
[0.278s] -- Generating done
[0.279s] -- Build files have been written to: /home/albertlor/Workspaces/gazebo_ws/build/my_robot_bringup
[0.298s] Invoked command in '/home/albertlor/Workspaces/gazebo_ws/build/my_robot_bringup' returned '0': AMENT_PREFIX_PATH=/home/albertlor/Workspaces/gazebo_ws/install/my_robot_description:${AMENT_PREFIX_PATH} CMAKE_PREFIX_PATH=/home/albertlor/Workspaces/gazebo_ws/install/my_robot_description:/opt/ros/humble /usr/bin/cmake --build /home/albertlor/Workspaces/gazebo_ws/build/my_robot_bringup -- -j8 -l8
[0.317s] Invoking command in '/home/albertlor/Workspaces/gazebo_ws/build/my_robot_bringup': AMENT_PREFIX_PATH=/home/albertlor/Workspaces/gazebo_ws/install/my_robot_description:${AMENT_PREFIX_PATH} CMAKE_PREFIX_PATH=/home/albertlor/Workspaces/gazebo_ws/install/my_robot_description:/opt/ros/humble /usr/bin/cmake --install /home/albertlor/Workspaces/gazebo_ws/build/my_robot_bringup
[0.323s] -- Install configuration: ""
[0.323s] -- Up-to-date: /home/albertlor/Workspaces/gazebo_ws/install/my_robot_bringup/share/my_robot_bringup//launch
[0.323s] -- Installing: /home/albertlor/Workspaces/gazebo_ws/install/my_robot_bringup/share/my_robot_bringup//launch/my_robot_gazebo.launch.xml
[0.323s] -- Installing: /home/albertlor/Workspaces/gazebo_ws/install/my_robot_bringup/share/my_robot_bringup//rviz
[0.323s] -- Installing: /home/albertlor/Workspaces/gazebo_ws/install/my_robot_bringup/share/my_robot_bringup//rviz/urdf_config.rviz
[0.323s] -- Up-to-date: /home/albertlor/Workspaces/gazebo_ws/install/my_robot_bringup/share/ament_index/resource_index/package_run_dependencies/my_robot_bringup
[0.323s] -- Up-to-date: /home/albertlor/Workspaces/gazebo_ws/install/my_robot_bringup/share/ament_index/resource_index/parent_prefix_path/my_robot_bringup
[0.324s] -- Up-to-date: /home/albertlor/Workspaces/gazebo_ws/install/my_robot_bringup/share/my_robot_bringup/environment/ament_prefix_path.sh
[0.324s] -- Installing: /home/albertlor/Workspaces/gazebo_ws/install/my_robot_bringup/share/my_robot_bringup/environment/ament_prefix_path.dsv
[0.324s] -- Up-to-date: /home/albertlor/Workspaces/gazebo_ws/install/my_robot_bringup/share/my_robot_bringup/environment/path.sh
[0.324s] -- Installing: /home/albertlor/Workspaces/gazebo_ws/install/my_robot_bringup/share/my_robot_bringup/environment/path.dsv
[0.324s] -- Up-to-date: /home/albertlor/Workspaces/gazebo_ws/install/my_robot_bringup/share/my_robot_bringup/local_setup.bash
[0.324s] -- Up-to-date: /home/albertlor/Workspaces/gazebo_ws/install/my_robot_bringup/share/my_robot_bringup/local_setup.sh
[0.324s] -- Up-to-date: /home/albertlor/Workspaces/gazebo_ws/install/my_robot_bringup/share/my_robot_bringup/local_setup.zsh
[0.324s] -- Installing: /home/albertlor/Workspaces/gazebo_ws/install/my_robot_bringup/share/my_robot_bringup/local_setup.dsv
[0.324s] -- Installing: /home/albertlor/Workspaces/gazebo_ws/install/my_robot_bringup/share/my_robot_bringup/package.dsv
[0.324s] -- Up-to-date: /home/albertlor/Workspaces/gazebo_ws/install/my_robot_bringup/share/ament_index/resource_index/packages/my_robot_bringup
[0.324s] -- Up-to-date: /home/albertlor/Workspaces/gazebo_ws/install/my_robot_bringup/share/my_robot_bringup/cmake/my_robot_bringupConfig.cmake
[0.324s] -- Up-to-date: /home/albertlor/Workspaces/gazebo_ws/install/my_robot_bringup/share/my_robot_bringup/cmake/my_robot_bringupConfig-version.cmake
[0.324s] -- Up-to-date: /home/albertlor/Workspaces/gazebo_ws/install/my_robot_bringup/share/my_robot_bringup/package.xml
[0.326s] Invoked command in '/home/albertlor/Workspaces/gazebo_ws/build/my_robot_bringup' returned '0': AMENT_PREFIX_PATH=/home/albertlor/Workspaces/gazebo_ws/install/my_robot_description:${AMENT_PREFIX_PATH} CMAKE_PREFIX_PATH=/home/albertlor/Workspaces/gazebo_ws/install/my_robot_description:/opt/ros/humble /usr/bin/cmake --install /home/albertlor/Workspaces/gazebo_ws/build/my_robot_bringup
