[0.063s] Invoking command in '/home/albertlor/Workspaces/gazebo_ws/build/my_robot_description': CMAKE_PREFIX_PATH=/opt/ros/humble /usr/bin/cmake /home/albertlor/Workspaces/gazebo_ws/src/my_robot_description -DCMAKE_INSTALL_PREFIX=/home/albertlor/Workspaces/gazebo_ws/install/my_robot_description
[0.148s] -- The C compiler identification is GNU 11.4.0
[0.215s] -- The CXX compiler identification is GNU 11.4.0
[0.224s] -- Detecting C compiler ABI info
[0.293s] -- Detecting C compiler ABI info - done
[0.301s] -- Check for working C compiler: /usr/bin/cc - skipped
[0.301s] -- Detecting C compile features
[0.302s] -- Detecting C compile features - done
[0.305s] -- Detecting CXX compiler ABI info
[0.380s] -- Detecting CXX compiler ABI info - done
[0.388s] -- Check for working CXX compiler: /usr/bin/c++ - skipped
[0.388s] -- Detecting CXX compile features
[0.389s] -- Detecting CXX compile features - done
[0.393s] -- Found ament_cmake: 1.3.7 (/opt/ros/humble/share/ament_cmake/cmake)
[0.565s] -- Found Python3: /usr/bin/python3.10 (found version "3.10.12") found components: Interpreter 
[0.727s] -- Configuring done
[0.730s] -- Generating done
[0.730s] -- Build files have been written to: /home/albertlor/Workspaces/gazebo_ws/build/my_robot_description
[0.734s] Invoked command in '/home/albertlor/Workspaces/gazebo_ws/build/my_robot_description' returned '0': CMAKE_PREFIX_PATH=/opt/ros/humble /usr/bin/cmake /home/albertlor/Workspaces/gazebo_ws/src/my_robot_description -DCMAKE_INSTALL_PREFIX=/home/albertlor/Workspaces/gazebo_ws/install/my_robot_description
[0.736s] Invoking command in '/home/albertlor/Workspaces/gazebo_ws/build/my_robot_description': CMAKE_PREFIX_PATH=/opt/ros/humble /usr/bin/cmake --build /home/albertlor/Workspaces/gazebo_ws/build/my_robot_description -- -j8 -l8
[0.771s] Invoked command in '/home/albertlor/Workspaces/gazebo_ws/build/my_robot_description' returned '0': CMAKE_PREFIX_PATH=/opt/ros/humble /usr/bin/cmake --build /home/albertlor/Workspaces/gazebo_ws/build/my_robot_description -- -j8 -l8
[0.797s] Invoking command in '/home/albertlor/Workspaces/gazebo_ws/build/my_robot_description': CMAKE_PREFIX_PATH=/opt/ros/humble /usr/bin/cmake --install /home/albertlor/Workspaces/gazebo_ws/build/my_robot_description
[0.804s] -- Install configuration: ""
[0.804s] -- Installing: /home/albertlor/Workspaces/gazebo_ws/install/my_robot_description/share/my_robot_description//urdf
[0.805s] -- Installing: /home/albertlor/Workspaces/gazebo_ws/install/my_robot_description/share/my_robot_description//urdf/my_robot.urdf
[0.805s] -- Installing: /home/albertlor/Workspaces/gazebo_ws/install/my_robot_description/share/ament_index/resource_index/package_run_dependencies/my_robot_description
[0.805s] -- Installing: /home/albertlor/Workspaces/gazebo_ws/install/my_robot_description/share/ament_index/resource_index/parent_prefix_path/my_robot_description
[0.805s] -- Installing: /home/albertlor/Workspaces/gazebo_ws/install/my_robot_description/share/my_robot_description/environment/ament_prefix_path.sh
[0.805s] -- Installing: /home/albertlor/Workspaces/gazebo_ws/install/my_robot_description/share/my_robot_description/environment/ament_prefix_path.dsv
[0.805s] -- Installing: /home/albertlor/Workspaces/gazebo_ws/install/my_robot_description/share/my_robot_description/environment/path.sh
[0.806s] -- Installing: /home/albertlor/Workspaces/gazebo_ws/install/my_robot_description/share/my_robot_description/environment/path.dsv
[0.806s] -- Installing: /home/albertlor/Workspaces/gazebo_ws/install/my_robot_description/share/my_robot_description/local_setup.bash
[0.806s] -- Installing: /home/albertlor/Workspaces/gazebo_ws/install/my_robot_description/share/my_robot_description/local_setup.sh
[0.806s] -- Installing: /home/albertlor/Workspaces/gazebo_ws/install/my_robot_description/share/my_robot_description/local_setup.zsh
[0.806s] -- Installing: /home/albertlor/Workspaces/gazebo_ws/install/my_robot_description/share/my_robot_description/local_setup.dsv
[0.806s] -- Installing: /home/albertlor/Workspaces/gazebo_ws/install/my_robot_description/share/my_robot_description/package.dsv
[0.806s] -- Installing: /home/albertlor/Workspaces/gazebo_ws/install/my_robot_description/share/ament_index/resource_index/packages/my_robot_description
[0.807s] -- Installing: /home/albertlor/Workspaces/gazebo_ws/install/my_robot_description/share/my_robot_description/cmake/my_robot_descriptionConfig.cmake
[0.807s] -- Installing: /home/albertlor/Workspaces/gazebo_ws/install/my_robot_description/share/my_robot_description/cmake/my_robot_descriptionConfig-version.cmake
[0.807s] -- Installing: /home/albertlor/Workspaces/gazebo_ws/install/my_robot_description/share/my_robot_description/package.xml
[0.809s] Invoked command in '/home/albertlor/Workspaces/gazebo_ws/build/my_robot_description' returned '0': CMAKE_PREFIX_PATH=/opt/ros/humble /usr/bin/cmake --install /home/albertlor/Workspaces/gazebo_ws/build/my_robot_description
