[1.209s] DEBUG:colcon:Command line arguments: ['/usr/bin/colcon', 'build']
[1.209s] DEBUG:colcon:Parsed command line arguments: Namespace(log_base=None, log_level=None, verb_name='build', build_base='build', install_base='install', merge_install=False, symlink_install=False, test_result_base=None, continue_on_error=False, executor='parallel', parallel_workers=8, event_handlers=None, ignore_user_meta=False, metas=['./colcon.meta'], base_paths=['.'], packages_ignore=None, packages_ignore_regex=None, paths=None, packages_up_to=None, packages_up_to_regex=None, packages_above=None, packages_above_and_dependencies=None, packages_above_depth=None, packages_select_by_dep=None, packages_skip_by_dep=None, packages_skip_up_to=None, packages_select_build_failed=False, packages_skip_build_finished=False, packages_select_test_failures=False, packages_skip_test_passed=False, packages_select=None, packages_skip=None, packages_select_regex=None, packages_skip_regex=None, packages_start=None, packages_end=None, allow_overriding=[], cmake_args=None, cmake_target=None, cmake_target_skip_unavailable=False, cmake_clean_cache=False, cmake_clean_first=False, cmake_force_configure=False, ament_cmake_args=None, catkin_cmake_args=None, catkin_skip_building_tests=False, verb_parser=<colcon_defaults.argument_parser.defaults.DefaultArgumentsDecorator object at 0x77e223959b40>, verb_extension=<colcon_core.verb.build.BuildVerb object at 0x77e2239358d0>, main=<bound method BuildVerb.main of <colcon_core.verb.build.BuildVerb object at 0x77e2239358d0>>)
[1.262s] Level 1:colcon.colcon_core.package_discovery:discover_packages(colcon_meta) check parameters
[1.262s] Level 1:colcon.colcon_core.package_discovery:discover_packages(recursive) check parameters
[1.262s] Level 1:colcon.colcon_core.package_discovery:discover_packages(ignore) check parameters
[1.262s] Level 1:colcon.colcon_core.package_discovery:discover_packages(path) check parameters
[1.262s] Level 1:colcon.colcon_core.package_discovery:discover_packages(colcon_meta) discover
[1.262s] Level 1:colcon.colcon_core.package_discovery:discover_packages(recursive) discover
[1.262s] INFO:colcon.colcon_core.package_discovery:Crawling recursively for packages in '/home/albertlor/Workspaces/gazebo_ws'
[1.262s] Level 1:colcon.colcon_core.package_identification:_identify(.) by extensions ['ignore', 'ignore_ament_install']
[1.262s] Level 1:colcon.colcon_core.package_identification:_identify(.) by extension 'ignore'
[1.262s] Level 1:colcon.colcon_core.package_identification:_identify(.) by extension 'ignore_ament_install'
[1.262s] Level 1:colcon.colcon_core.package_identification:_identify(.) by extensions ['colcon_pkg']
[1.263s] Level 1:colcon.colcon_core.package_identification:_identify(.) by extension 'colcon_pkg'
[1.263s] Level 1:colcon.colcon_core.package_identification:_identify(.) by extensions ['colcon_meta']
[1.263s] Level 1:colcon.colcon_core.package_identification:_identify(.) by extension 'colcon_meta'
[1.263s] Level 1:colcon.colcon_core.package_identification:_identify(.) by extensions ['ros']
[1.263s] Level 1:colcon.colcon_core.package_identification:_identify(.) by extension 'ros'
[1.274s] Level 1:colcon.colcon_core.package_identification:_identify(.) by extensions ['cmake', 'python']
[1.274s] Level 1:colcon.colcon_core.package_identification:_identify(.) by extension 'cmake'
[1.274s] Level 1:colcon.colcon_core.package_identification:_identify(.) by extension 'python'
[1.274s] Level 1:colcon.colcon_core.package_identification:_identify(.) by extensions ['python_setup_py']
[1.274s] Level 1:colcon.colcon_core.package_identification:_identify(.) by extension 'python_setup_py'
[1.274s] Level 1:colcon.colcon_core.package_identification:_identify(build) by extensions ['ignore', 'ignore_ament_install']
[1.274s] Level 1:colcon.colcon_core.package_identification:_identify(build) by extension 'ignore'
[1.274s] Level 1:colcon.colcon_core.package_identification:_identify(build) ignored
[1.274s] Level 1:colcon.colcon_core.package_identification:_identify(install) by extensions ['ignore', 'ignore_ament_install']
[1.274s] Level 1:colcon.colcon_core.package_identification:_identify(install) by extension 'ignore'
[1.274s] Level 1:colcon.colcon_core.package_identification:_identify(install) ignored
[1.275s] Level 1:colcon.colcon_core.package_identification:_identify(log) by extensions ['ignore', 'ignore_ament_install']
[1.275s] Level 1:colcon.colcon_core.package_identification:_identify(log) by extension 'ignore'
[1.275s] Level 1:colcon.colcon_core.package_identification:_identify(log) ignored
[1.275s] Level 1:colcon.colcon_core.package_identification:_identify(src) by extensions ['ignore', 'ignore_ament_install']
[1.275s] Level 1:colcon.colcon_core.package_identification:_identify(src) by extension 'ignore'
[1.275s] Level 1:colcon.colcon_core.package_identification:_identify(src) by extension 'ignore_ament_install'
[1.275s] Level 1:colcon.colcon_core.package_identification:_identify(src) by extensions ['colcon_pkg']
[1.275s] Level 1:colcon.colcon_core.package_identification:_identify(src) by extension 'colcon_pkg'
[1.275s] Level 1:colcon.colcon_core.package_identification:_identify(src) by extensions ['colcon_meta']
[1.275s] Level 1:colcon.colcon_core.package_identification:_identify(src) by extension 'colcon_meta'
[1.275s] Level 1:colcon.colcon_core.package_identification:_identify(src) by extensions ['ros']
[1.275s] Level 1:colcon.colcon_core.package_identification:_identify(src) by extension 'ros'
[1.275s] Level 1:colcon.colcon_core.package_identification:_identify(src) by extensions ['cmake', 'python']
[1.275s] Level 1:colcon.colcon_core.package_identification:_identify(src) by extension 'cmake'
[1.275s] Level 1:colcon.colcon_core.package_identification:_identify(src) by extension 'python'
[1.275s] Level 1:colcon.colcon_core.package_identification:_identify(src) by extensions ['python_setup_py']
[1.275s] Level 1:colcon.colcon_core.package_identification:_identify(src) by extension 'python_setup_py'
[1.275s] Level 1:colcon.colcon_core.package_identification:_identify(src/my_robot_bringup) by extensions ['ignore', 'ignore_ament_install']
[1.276s] Level 1:colcon.colcon_core.package_identification:_identify(src/my_robot_bringup) by extension 'ignore'
[1.276s] Level 1:colcon.colcon_core.package_identification:_identify(src/my_robot_bringup) by extension 'ignore_ament_install'
[1.276s] Level 1:colcon.colcon_core.package_identification:_identify(src/my_robot_bringup) by extensions ['colcon_pkg']
[1.276s] Level 1:colcon.colcon_core.package_identification:_identify(src/my_robot_bringup) by extension 'colcon_pkg'
[1.276s] Level 1:colcon.colcon_core.package_identification:_identify(src/my_robot_bringup) by extensions ['colcon_meta']
[1.276s] Level 1:colcon.colcon_core.package_identification:_identify(src/my_robot_bringup) by extension 'colcon_meta'
[1.276s] Level 1:colcon.colcon_core.package_identification:_identify(src/my_robot_bringup) by extensions ['ros']
[1.276s] Level 1:colcon.colcon_core.package_identification:_identify(src/my_robot_bringup) by extension 'ros'
[1.278s] DEBUG:colcon.colcon_core.package_identification:Package 'src/my_robot_bringup' with type 'ros.ament_cmake' and name 'my_robot_bringup'
[1.278s] Level 1:colcon.colcon_core.package_identification:_identify(src/my_robot_description) by extensions ['ignore', 'ignore_ament_install']
[1.278s] Level 1:colcon.colcon_core.package_identification:_identify(src/my_robot_description) by extension 'ignore'
[1.278s] Level 1:colcon.colcon_core.package_identification:_identify(src/my_robot_description) by extension 'ignore_ament_install'
[1.278s] Level 1:colcon.colcon_core.package_identification:_identify(src/my_robot_description) by extensions ['colcon_pkg']
[1.278s] Level 1:colcon.colcon_core.package_identification:_identify(src/my_robot_description) by extension 'colcon_pkg'
[1.279s] Level 1:colcon.colcon_core.package_identification:_identify(src/my_robot_description) by extensions ['colcon_meta']
[1.279s] Level 1:colcon.colcon_core.package_identification:_identify(src/my_robot_description) by extension 'colcon_meta'
[1.279s] Level 1:colcon.colcon_core.package_identification:_identify(src/my_robot_description) by extensions ['ros']
[1.279s] Level 1:colcon.colcon_core.package_identification:_identify(src/my_robot_description) by extension 'ros'
[1.279s] DEBUG:colcon.colcon_core.package_identification:Package 'src/my_robot_description' with type 'ros.ament_cmake' and name 'my_robot_description'
[1.279s] Level 1:colcon.colcon_core.package_discovery:discover_packages(recursive) using defaults
[1.279s] Level 1:colcon.colcon_core.package_discovery:discover_packages(ignore) discover
[1.279s] Level 1:colcon.colcon_core.package_discovery:discover_packages(ignore) using defaults
[1.279s] Level 1:colcon.colcon_core.package_discovery:discover_packages(path) discover
[1.279s] Level 1:colcon.colcon_core.package_discovery:discover_packages(path) using defaults
[1.385s] Level 1:colcon.colcon_core.package_discovery:discover_packages(prefix_path) check parameters
[1.385s] Level 1:colcon.colcon_core.package_discovery:discover_packages(prefix_path) discover
[1.420s] DEBUG:colcon.colcon_installed_package_information.package_discovery:Found 387 installed packages in /opt/ros/humble
[1.422s] Level 1:colcon.colcon_core.package_discovery:discover_packages(prefix_path) using defaults
[1.552s] Level 5:colcon.colcon_core.verb:set package 'my_robot_description' build argument 'cmake_args' from command line to 'None'
[1.552s] Level 5:colcon.colcon_core.verb:set package 'my_robot_description' build argument 'cmake_target' from command line to 'None'
[1.552s] Level 5:colcon.colcon_core.verb:set package 'my_robot_description' build argument 'cmake_target_skip_unavailable' from command line to 'False'
[1.552s] Level 5:colcon.colcon_core.verb:set package 'my_robot_description' build argument 'cmake_clean_cache' from command line to 'False'
[1.553s] Level 5:colcon.colcon_core.verb:set package 'my_robot_description' build argument 'cmake_clean_first' from command line to 'False'
[1.553s] Level 5:colcon.colcon_core.verb:set package 'my_robot_description' build argument 'cmake_force_configure' from command line to 'False'
[1.553s] Level 5:colcon.colcon_core.verb:set package 'my_robot_description' build argument 'ament_cmake_args' from command line to 'None'
[1.553s] Level 5:colcon.colcon_core.verb:set package 'my_robot_description' build argument 'catkin_cmake_args' from command line to 'None'
[1.553s] Level 5:colcon.colcon_core.verb:set package 'my_robot_description' build argument 'catkin_skip_building_tests' from command line to 'False'
[1.553s] DEBUG:colcon.colcon_core.verb:Building package 'my_robot_description' with the following arguments: {'ament_cmake_args': None, 'build_base': '/home/albertlor/Workspaces/gazebo_ws/build/my_robot_description', 'catkin_cmake_args': None, 'catkin_skip_building_tests': False, 'cmake_args': None, 'cmake_clean_cache': False, 'cmake_clean_first': False, 'cmake_force_configure': False, 'cmake_target': None, 'cmake_target_skip_unavailable': False, 'install_base': '/home/albertlor/Workspaces/gazebo_ws/install/my_robot_description', 'merge_install': False, 'path': '/home/albertlor/Workspaces/gazebo_ws/src/my_robot_description', 'symlink_install': False, 'test_result_base': None}
[1.572s] Level 5:colcon.colcon_core.verb:set package 'my_robot_bringup' build argument 'cmake_args' from command line to 'None'
[1.572s] Level 5:colcon.colcon_core.verb:set package 'my_robot_bringup' build argument 'cmake_target' from command line to 'None'
[1.572s] Level 5:colcon.colcon_core.verb:set package 'my_robot_bringup' build argument 'cmake_target_skip_unavailable' from command line to 'False'
[1.572s] Level 5:colcon.colcon_core.verb:set package 'my_robot_bringup' build argument 'cmake_clean_cache' from command line to 'False'
[1.572s] Level 5:colcon.colcon_core.verb:set package 'my_robot_bringup' build argument 'cmake_clean_first' from command line to 'False'
[1.572s] Level 5:colcon.colcon_core.verb:set package 'my_robot_bringup' build argument 'cmake_force_configure' from command line to 'False'
[1.572s] Level 5:colcon.colcon_core.verb:set package 'my_robot_bringup' build argument 'ament_cmake_args' from command line to 'None'
[1.572s] Level 5:colcon.colcon_core.verb:set package 'my_robot_bringup' build argument 'catkin_cmake_args' from command line to 'None'
[1.572s] Level 5:colcon.colcon_core.verb:set package 'my_robot_bringup' build argument 'catkin_skip_building_tests' from command line to 'False'
[1.572s] DEBUG:colcon.colcon_core.verb:Building package 'my_robot_bringup' with the following arguments: {'ament_cmake_args': None, 'build_base': '/home/albertlor/Workspaces/gazebo_ws/build/my_robot_bringup', 'catkin_cmake_args': None, 'catkin_skip_building_tests': False, 'cmake_args': None, 'cmake_clean_cache': False, 'cmake_clean_first': False, 'cmake_force_configure': False, 'cmake_target': None, 'cmake_target_skip_unavailable': False, 'install_base': '/home/albertlor/Workspaces/gazebo_ws/install/my_robot_bringup', 'merge_install': False, 'path': '/home/albertlor/Workspaces/gazebo_ws/src/my_robot_bringup', 'symlink_install': False, 'test_result_base': None}
[1.590s] INFO:colcon.colcon_core.executor:Executing jobs using 'parallel' executor
[1.609s] DEBUG:colcon.colcon_parallel_executor.executor.parallel:run_until_complete
[1.609s] INFO:colcon.colcon_ros.task.ament_cmake.build:Building ROS package in '/home/albertlor/Workspaces/gazebo_ws/src/my_robot_description' with build type 'ament_cmake'
[1.609s] INFO:colcon.colcon_cmake.task.cmake.build:Building CMake package in '/home/albertlor/Workspaces/gazebo_ws/src/my_robot_description'
[1.629s] INFO:colcon.colcon_core.plugin_system:Skipping extension 'colcon_core.shell.bat': Not used on non-Windows systems
[1.629s] INFO:colcon.colcon_core.shell:Skip shell extension 'powershell' for command environment: Not usable outside of PowerShell
[1.629s] DEBUG:colcon.colcon_core.shell:Skip shell extension 'dsv' for command environment
[1.674s] DEBUG:colcon.colcon_core.event_handler.log_command:Invoking command in '/home/albertlor/Workspaces/gazebo_ws/build/my_robot_description': CMAKE_PREFIX_PATH=/opt/ros/humble /usr/bin/cmake --build /home/albertlor/Workspaces/gazebo_ws/build/my_robot_description -- -j8 -l8
[1.708s] DEBUG:colcon.colcon_core.event_handler.log_command:Invoked command in '/home/albertlor/Workspaces/gazebo_ws/build/my_robot_description' returned '0': CMAKE_PREFIX_PATH=/opt/ros/humble /usr/bin/cmake --build /home/albertlor/Workspaces/gazebo_ws/build/my_robot_description -- -j8 -l8
[1.737s] DEBUG:colcon.colcon_core.event_handler.log_command:Invoking command in '/home/albertlor/Workspaces/gazebo_ws/build/my_robot_description': CMAKE_PREFIX_PATH=/opt/ros/humble /usr/bin/cmake --install /home/albertlor/Workspaces/gazebo_ws/build/my_robot_description
[1.747s] Level 1:colcon.colcon_core.environment:create_environment_scripts_only(my_robot_description)
[1.747s] DEBUG:colcon.colcon_core.event_handler.log_command:Invoked command in '/home/albertlor/Workspaces/gazebo_ws/build/my_robot_description' returned '0': CMAKE_PREFIX_PATH=/opt/ros/humble /usr/bin/cmake --install /home/albertlor/Workspaces/gazebo_ws/build/my_robot_description
[1.768s] Level 1:colcon.colcon_core.environment:checking '/home/albertlor/Workspaces/gazebo_ws/install/my_robot_description' for CMake module files
[1.768s] Level 1:colcon.colcon_core.environment:checking '/home/albertlor/Workspaces/gazebo_ws/install/my_robot_description' for CMake config files
[1.768s] Level 1:colcon.colcon_core.shell:create_environment_hook('my_robot_description', 'cmake_prefix_path')
[1.787s] INFO:colcon.colcon_core.shell:Creating environment hook '/home/albertlor/Workspaces/gazebo_ws/install/my_robot_description/share/my_robot_description/hook/cmake_prefix_path.ps1'
[1.788s] INFO:colcon.colcon_core.shell:Creating environment descriptor '/home/albertlor/Workspaces/gazebo_ws/install/my_robot_description/share/my_robot_description/hook/cmake_prefix_path.dsv'
[1.788s] INFO:colcon.colcon_core.shell:Creating environment hook '/home/albertlor/Workspaces/gazebo_ws/install/my_robot_description/share/my_robot_description/hook/cmake_prefix_path.sh'
[1.789s] Level 1:colcon.colcon_core.environment:checking '/home/albertlor/Workspaces/gazebo_ws/install/my_robot_description/bin'
[1.789s] Level 1:colcon.colcon_core.environment:checking '/home/albertlor/Workspaces/gazebo_ws/install/my_robot_description/lib/pkgconfig/my_robot_description.pc'
[1.789s] Level 1:colcon.colcon_core.environment:checking '/home/albertlor/Workspaces/gazebo_ws/install/my_robot_description/lib/python3.10/site-packages'
[1.790s] Level 1:colcon.colcon_core.environment:checking '/home/albertlor/Workspaces/gazebo_ws/install/my_robot_description/bin'
[1.808s] INFO:colcon.colcon_core.shell:Creating package script '/home/albertlor/Workspaces/gazebo_ws/install/my_robot_description/share/my_robot_description/package.ps1'
[1.809s] INFO:colcon.colcon_core.shell:Creating package descriptor '/home/albertlor/Workspaces/gazebo_ws/install/my_robot_description/share/my_robot_description/package.dsv'
[1.809s] INFO:colcon.colcon_core.shell:Creating package script '/home/albertlor/Workspaces/gazebo_ws/install/my_robot_description/share/my_robot_description/package.sh'
[1.810s] INFO:colcon.colcon_core.shell:Creating package script '/home/albertlor/Workspaces/gazebo_ws/install/my_robot_description/share/my_robot_description/package.bash'
[1.811s] INFO:colcon.colcon_core.shell:Creating package script '/home/albertlor/Workspaces/gazebo_ws/install/my_robot_description/share/my_robot_description/package.zsh'
[1.811s] Level 1:colcon.colcon_core.environment:create_file_with_runtime_dependencies(/home/albertlor/Workspaces/gazebo_ws/install/my_robot_description/share/colcon-core/packages/my_robot_description)
[1.848s] Level 1:colcon.colcon_core.environment:create_environment_scripts_only(my_robot_description)
[1.866s] Level 1:colcon.colcon_core.environment:checking '/home/albertlor/Workspaces/gazebo_ws/install/my_robot_description' for CMake module files
[1.866s] Level 1:colcon.colcon_core.environment:checking '/home/albertlor/Workspaces/gazebo_ws/install/my_robot_description' for CMake config files
[1.866s] Level 1:colcon.colcon_core.shell:create_environment_hook('my_robot_description', 'cmake_prefix_path')
[1.884s] INFO:colcon.colcon_core.shell:Creating environment hook '/home/albertlor/Workspaces/gazebo_ws/install/my_robot_description/share/my_robot_description/hook/cmake_prefix_path.ps1'
[1.885s] INFO:colcon.colcon_core.shell:Creating environment descriptor '/home/albertlor/Workspaces/gazebo_ws/install/my_robot_description/share/my_robot_description/hook/cmake_prefix_path.dsv'
[1.885s] INFO:colcon.colcon_core.shell:Creating environment hook '/home/albertlor/Workspaces/gazebo_ws/install/my_robot_description/share/my_robot_description/hook/cmake_prefix_path.sh'
[1.885s] Level 1:colcon.colcon_core.environment:checking '/home/albertlor/Workspaces/gazebo_ws/install/my_robot_description/bin'
[1.885s] Level 1:colcon.colcon_core.environment:checking '/home/albertlor/Workspaces/gazebo_ws/install/my_robot_description/lib/pkgconfig/my_robot_description.pc'
[1.886s] Level 1:colcon.colcon_core.environment:checking '/home/albertlor/Workspaces/gazebo_ws/install/my_robot_description/lib/python3.10/site-packages'
[1.886s] Level 1:colcon.colcon_core.environment:checking '/home/albertlor/Workspaces/gazebo_ws/install/my_robot_description/bin'
[1.904s] INFO:colcon.colcon_core.shell:Creating package script '/home/albertlor/Workspaces/gazebo_ws/install/my_robot_description/share/my_robot_description/package.ps1'
[1.905s] INFO:colcon.colcon_core.shell:Creating package descriptor '/home/albertlor/Workspaces/gazebo_ws/install/my_robot_description/share/my_robot_description/package.dsv'
[1.905s] INFO:colcon.colcon_core.shell:Creating package script '/home/albertlor/Workspaces/gazebo_ws/install/my_robot_description/share/my_robot_description/package.sh'
[1.905s] INFO:colcon.colcon_core.shell:Creating package script '/home/albertlor/Workspaces/gazebo_ws/install/my_robot_description/share/my_robot_description/package.bash'
[1.906s] INFO:colcon.colcon_core.shell:Creating package script '/home/albertlor/Workspaces/gazebo_ws/install/my_robot_description/share/my_robot_description/package.zsh'
[1.906s] Level 1:colcon.colcon_core.environment:create_file_with_runtime_dependencies(/home/albertlor/Workspaces/gazebo_ws/install/my_robot_description/share/colcon-core/packages/my_robot_description)
[1.906s] INFO:colcon.colcon_ros.task.ament_cmake.build:Building ROS package in '/home/albertlor/Workspaces/gazebo_ws/src/my_robot_bringup' with build type 'ament_cmake'
[1.907s] INFO:colcon.colcon_cmake.task.cmake.build:Building CMake package in '/home/albertlor/Workspaces/gazebo_ws/src/my_robot_bringup'
[1.925s] INFO:colcon.colcon_core.shell:Skip shell extension 'powershell' for command environment: Not usable outside of PowerShell
[1.925s] DEBUG:colcon.colcon_core.shell:Skip shell extension 'dsv' for command environment
[1.968s] DEBUG:colcon.colcon_core.event_handler.log_command:Invoking command in '/home/albertlor/Workspaces/gazebo_ws/build/my_robot_bringup': AMENT_PREFIX_PATH=/home/albertlor/Workspaces/gazebo_ws/install/my_robot_description:${AMENT_PREFIX_PATH} CMAKE_PREFIX_PATH=/home/albertlor/Workspaces/gazebo_ws/install/my_robot_description:/opt/ros/humble /usr/bin/cmake --build /home/albertlor/Workspaces/gazebo_ws/build/my_robot_bringup -- -j8 -l8
[2.003s] DEBUG:colcon.colcon_core.event_handler.log_command:Invoked command in '/home/albertlor/Workspaces/gazebo_ws/build/my_robot_bringup' returned '0': AMENT_PREFIX_PATH=/home/albertlor/Workspaces/gazebo_ws/install/my_robot_description:${AMENT_PREFIX_PATH} CMAKE_PREFIX_PATH=/home/albertlor/Workspaces/gazebo_ws/install/my_robot_description:/opt/ros/humble /usr/bin/cmake --build /home/albertlor/Workspaces/gazebo_ws/build/my_robot_bringup -- -j8 -l8
[2.022s] DEBUG:colcon.colcon_core.event_handler.log_command:Invoking command in '/home/albertlor/Workspaces/gazebo_ws/build/my_robot_bringup': AMENT_PREFIX_PATH=/home/albertlor/Workspaces/gazebo_ws/install/my_robot_description:${AMENT_PREFIX_PATH} CMAKE_PREFIX_PATH=/home/albertlor/Workspaces/gazebo_ws/install/my_robot_description:/opt/ros/humble /usr/bin/cmake --install /home/albertlor/Workspaces/gazebo_ws/build/my_robot_bringup
[2.030s] Level 1:colcon.colcon_core.environment:create_environment_scripts_only(my_robot_bringup)
[2.030s] DEBUG:colcon.colcon_core.event_handler.log_command:Invoked command in '/home/albertlor/Workspaces/gazebo_ws/build/my_robot_bringup' returned '0': AMENT_PREFIX_PATH=/home/albertlor/Workspaces/gazebo_ws/install/my_robot_description:${AMENT_PREFIX_PATH} CMAKE_PREFIX_PATH=/home/albertlor/Workspaces/gazebo_ws/install/my_robot_description:/opt/ros/humble /usr/bin/cmake --install /home/albertlor/Workspaces/gazebo_ws/build/my_robot_bringup
[2.048s] Level 1:colcon.colcon_core.environment:checking '/home/albertlor/Workspaces/gazebo_ws/install/my_robot_bringup' for CMake module files
[2.048s] Level 1:colcon.colcon_core.environment:checking '/home/albertlor/Workspaces/gazebo_ws/install/my_robot_bringup' for CMake config files
[2.049s] Level 1:colcon.colcon_core.shell:create_environment_hook('my_robot_bringup', 'cmake_prefix_path')
[2.066s] INFO:colcon.colcon_core.shell:Creating environment hook '/home/albertlor/Workspaces/gazebo_ws/install/my_robot_bringup/share/my_robot_bringup/hook/cmake_prefix_path.ps1'
[2.066s] INFO:colcon.colcon_core.shell:Creating environment descriptor '/home/albertlor/Workspaces/gazebo_ws/install/my_robot_bringup/share/my_robot_bringup/hook/cmake_prefix_path.dsv'
[2.067s] INFO:colcon.colcon_core.shell:Creating environment hook '/home/albertlor/Workspaces/gazebo_ws/install/my_robot_bringup/share/my_robot_bringup/hook/cmake_prefix_path.sh'
[2.067s] Level 1:colcon.colcon_core.environment:checking '/home/albertlor/Workspaces/gazebo_ws/install/my_robot_bringup/bin'
[2.067s] Level 1:colcon.colcon_core.environment:checking '/home/albertlor/Workspaces/gazebo_ws/install/my_robot_bringup/lib/pkgconfig/my_robot_bringup.pc'
[2.068s] Level 1:colcon.colcon_core.environment:checking '/home/albertlor/Workspaces/gazebo_ws/install/my_robot_bringup/lib/python3.10/site-packages'
[2.068s] Level 1:colcon.colcon_core.environment:checking '/home/albertlor/Workspaces/gazebo_ws/install/my_robot_bringup/bin'
[2.086s] INFO:colcon.colcon_core.shell:Creating package script '/home/albertlor/Workspaces/gazebo_ws/install/my_robot_bringup/share/my_robot_bringup/package.ps1'
[2.086s] INFO:colcon.colcon_core.shell:Creating package descriptor '/home/albertlor/Workspaces/gazebo_ws/install/my_robot_bringup/share/my_robot_bringup/package.dsv'
[2.087s] INFO:colcon.colcon_core.shell:Creating package script '/home/albertlor/Workspaces/gazebo_ws/install/my_robot_bringup/share/my_robot_bringup/package.sh'
[2.087s] INFO:colcon.colcon_core.shell:Creating package script '/home/albertlor/Workspaces/gazebo_ws/install/my_robot_bringup/share/my_robot_bringup/package.bash'
[2.087s] INFO:colcon.colcon_core.shell:Creating package script '/home/albertlor/Workspaces/gazebo_ws/install/my_robot_bringup/share/my_robot_bringup/package.zsh'
[2.087s] Level 1:colcon.colcon_core.environment:create_file_with_runtime_dependencies(/home/albertlor/Workspaces/gazebo_ws/install/my_robot_bringup/share/colcon-core/packages/my_robot_bringup)
[2.124s] Level 1:colcon.colcon_core.environment:create_environment_scripts_only(my_robot_bringup)
[2.143s] Level 1:colcon.colcon_core.environment:checking '/home/albertlor/Workspaces/gazebo_ws/install/my_robot_bringup' for CMake module files
[2.143s] Level 1:colcon.colcon_core.environment:checking '/home/albertlor/Workspaces/gazebo_ws/install/my_robot_bringup' for CMake config files
[2.143s] Level 1:colcon.colcon_core.shell:create_environment_hook('my_robot_bringup', 'cmake_prefix_path')
[2.161s] INFO:colcon.colcon_core.shell:Creating environment hook '/home/albertlor/Workspaces/gazebo_ws/install/my_robot_bringup/share/my_robot_bringup/hook/cmake_prefix_path.ps1'
[2.161s] INFO:colcon.colcon_core.shell:Creating environment descriptor '/home/albertlor/Workspaces/gazebo_ws/install/my_robot_bringup/share/my_robot_bringup/hook/cmake_prefix_path.dsv'
[2.162s] INFO:colcon.colcon_core.shell:Creating environment hook '/home/albertlor/Workspaces/gazebo_ws/install/my_robot_bringup/share/my_robot_bringup/hook/cmake_prefix_path.sh'
[2.162s] Level 1:colcon.colcon_core.environment:checking '/home/albertlor/Workspaces/gazebo_ws/install/my_robot_bringup/bin'
[2.162s] Level 1:colcon.colcon_core.environment:checking '/home/albertlor/Workspaces/gazebo_ws/install/my_robot_bringup/lib/pkgconfig/my_robot_bringup.pc'
[2.163s] Level 1:colcon.colcon_core.environment:checking '/home/albertlor/Workspaces/gazebo_ws/install/my_robot_bringup/lib/python3.10/site-packages'
[2.163s] Level 1:colcon.colcon_core.environment:checking '/home/albertlor/Workspaces/gazebo_ws/install/my_robot_bringup/bin'
[2.180s] INFO:colcon.colcon_core.shell:Creating package script '/home/albertlor/Workspaces/gazebo_ws/install/my_robot_bringup/share/my_robot_bringup/package.ps1'
[2.181s] INFO:colcon.colcon_core.shell:Creating package descriptor '/home/albertlor/Workspaces/gazebo_ws/install/my_robot_bringup/share/my_robot_bringup/package.dsv'
[2.181s] INFO:colcon.colcon_core.shell:Creating package script '/home/albertlor/Workspaces/gazebo_ws/install/my_robot_bringup/share/my_robot_bringup/package.sh'
[2.182s] INFO:colcon.colcon_core.shell:Creating package script '/home/albertlor/Workspaces/gazebo_ws/install/my_robot_bringup/share/my_robot_bringup/package.bash'
[2.182s] INFO:colcon.colcon_core.shell:Creating package script '/home/albertlor/Workspaces/gazebo_ws/install/my_robot_bringup/share/my_robot_bringup/package.zsh'
[2.182s] Level 1:colcon.colcon_core.environment:create_file_with_runtime_dependencies(/home/albertlor/Workspaces/gazebo_ws/install/my_robot_bringup/share/colcon-core/packages/my_robot_bringup)
[2.183s] DEBUG:colcon.colcon_parallel_executor.executor.parallel:closing loop
[2.183s] DEBUG:colcon.colcon_parallel_executor.executor.parallel:loop closed
[2.183s] DEBUG:colcon.colcon_parallel_executor.executor.parallel:run_until_complete finished with '0'
[2.183s] DEBUG:colcon.colcon_core.event_reactor:joining thread
[2.206s] INFO:colcon.colcon_core.plugin_system:Skipping extension 'colcon_notification.desktop_notification.terminal_notifier': Not used on non-Darwin systems
[2.206s] INFO:colcon.colcon_core.plugin_system:Skipping extension 'colcon_notification.desktop_notification.win32': Not used on non-Windows systems
[2.207s] INFO:colcon.colcon_notification.desktop_notification:Sending desktop notification using 'notify2'
[2.217s] DEBUG:colcon.colcon_core.event_reactor:joined thread
[2.235s] INFO:colcon.colcon_core.shell:Creating prefix script '/home/albertlor/Workspaces/gazebo_ws/install/local_setup.ps1'
[2.236s] INFO:colcon.colcon_core.shell:Creating prefix util module '/home/albertlor/Workspaces/gazebo_ws/install/_local_setup_util_ps1.py'
[2.237s] INFO:colcon.colcon_core.shell:Creating prefix chain script '/home/albertlor/Workspaces/gazebo_ws/install/setup.ps1'
[2.256s] INFO:colcon.colcon_core.shell:Creating prefix script '/home/albertlor/Workspaces/gazebo_ws/install/local_setup.sh'
[2.256s] INFO:colcon.colcon_core.shell:Creating prefix util module '/home/albertlor/Workspaces/gazebo_ws/install/_local_setup_util_sh.py'
[2.257s] INFO:colcon.colcon_core.shell:Creating prefix chain script '/home/albertlor/Workspaces/gazebo_ws/install/setup.sh'
[2.275s] INFO:colcon.colcon_core.shell:Creating prefix script '/home/albertlor/Workspaces/gazebo_ws/install/local_setup.bash'
[2.276s] INFO:colcon.colcon_core.shell:Creating prefix chain script '/home/albertlor/Workspaces/gazebo_ws/install/setup.bash'
[2.295s] INFO:colcon.colcon_core.shell:Creating prefix script '/home/albertlor/Workspaces/gazebo_ws/install/local_setup.zsh'
[2.295s] INFO:colcon.colcon_core.shell:Creating prefix chain script '/home/albertlor/Workspaces/gazebo_ws/install/setup.zsh'
